生成启动时间为 5/29/2014 9:37:12 PM。
     1>项目“K:\compaction algorithm\MFCApplication1\MFCApplication1\MFCApplication1.vcxproj”在节点 2 上(Build 个目标)。
     1>ClCompile:
         J:\Program Files (x86)\Microsoft Visual Studio 12.0\VC\bin\CL.exe /c /ZI /nologo /W3 /WX- /sdl- /Od /Oy- /D WIN32 /D _WINDOWS /D _DEBUG /D _UNICODE /D UNICODE /Gm /EHsc /RTC1 /MTd /GS /fp:precise /Zc:wchar_t /Zc:forScope /Yu"stdafx.h" /Fp"Debug\MFCApplication1.pch" /Fo"Debug\\" /Fd"Debug\vc120.pdb" /Gd /TP /analyze- /errorReport:prompt LZ.cpp MFCApplication1Dlg.cpp
         MFCApplication1Dlg.cpp
         LZ.cpp
         正在生成代码...
       ResourceCompile:
         J:\Program Files (x86)\Windows Kits\8.1\bin\x86\rc.exe /D _DEBUG /D _UNICODE /D UNICODE /l"0x0804" /IDebug\ /nologo /fo"Debug\MFCApplication1.res" MFCApplication1.rc 
       Link:
         J:\Program Files (x86)\Microsoft Visual Studio 12.0\VC\bin\link.exe /ERRORREPORT:PROMPT /OUT:"K:\compaction algorithm\MFCApplication1\Debug\MFCApplication1.exe" /INCREMENTAL /NOLOGO /MANIFEST /MANIFESTUAC:"level='asInvoker' uiAccess='false'" /manifest:embed /manifestinput:"J:\Program Files (x86)\Microsoft Visual Studio 12.0\VC\Include\Manifest\dpiaware.manifest" /DEBUG /PDB:"K:\compaction algorithm\MFCApplication1\Debug\MFCApplication1.pdb" /SUBSYSTEM:WINDOWS /TLBID:1 /ENTRY:"wWinMainCRTStartup" /DYNAMICBASE /NXCOMPAT /IMPLIB:"K:\compaction algorithm\MFCApplication1\Debug\MFCApplication1.lib" /MACHINE:X86 Debug\MFCApplication1.res
         Debug\LZ.obj
         Debug\MFCApplication1.obj
         Debug\MFCApplication1Dlg.obj
         Debug\RLE.obj
         Debug\stdafx.obj
         MFCApplication1.vcxproj -> K:\compaction algorithm\MFCApplication1\Debug\MFCApplication1.exe
     1>已完成生成项目“K:\compaction algorithm\MFCApplication1\MFCApplication1\MFCApplication1.vcxproj”(Build 个目标)的操作。

生成成功。

已用时间 00:00:05.45
